{"level":"info","message":"Rate limiter config updated","newConfig":{"maxRequestsPerMinute":5},"service":"poshmark-automation","timestamp":"2025-04-24T12:04:12.619Z"}
{"level":"info","message":"Rate limiter config updated","newConfig":{"maxRequestsPerHour":2,"maxRequestsPerMinute":10},"service":"poshmark-automation","timestamp":"2025-04-24T12:04:12.619Z"}
{"attempt":1,"error":{"name":"AutomationError","recoverable":true,"type":"NETWORK"},"level":"warn","message":"Operation failed, retrying","nextDelay":100,"service":"poshmark-automation","timestamp":"2025-04-24T11:04:12.583Z"}
{"attempt":1,"error":{"name":"AutomationError","recoverable":true,"type":"AUTH_FAILED"},"level":"error","message":"Non-retryable error occurred","service":"poshmark-automation","timestamp":"2025-04-24T11:04:12.703Z"}
{"attempt":1,"error":{"name":"AutomationError","recoverable":true,"type":"NETWORK"},"level":"warn","message":"Operation failed, retrying","nextDelay":100,"service":"poshmark-automation","timestamp":"2025-04-24T11:04:12.716Z"}
{"attempt":2,"error":{"name":"AutomationError","recoverable":true,"type":"NETWORK"},"level":"warn","message":"Operation failed, retrying","nextDelay":200,"service":"poshmark-automation","timestamp":"2025-04-24T11:04:12.822Z"}
{"attempts":3,"error":{"name":"AutomationError","recoverable":true,"type":"NETWORK"},"level":"error","message":"Max retry attempts reached","service":"poshmark-automation","timestamp":"2025-04-24T11:04:13.030Z"}
{"attempt":1,"error":{"name":"AutomationError","recoverable":true,"type":"NETWORK"},"level":"warn","message":"Operation failed, retrying","nextDelay":100,"service":"poshmark-automation","timestamp":"2025-04-24T11:04:13.037Z"}
{"attempt":2,"error":{"name":"AutomationError","recoverable":true,"type":"NETWORK"},"level":"warn","message":"Operation failed, retrying","nextDelay":200,"service":"poshmark-automation","timestamp":"2025-04-24T11:04:13.137Z"}
{"attempts":3,"error":{"name":"AutomationError","recoverable":true,"type":"NETWORK"},"level":"error","message":"Max retry attempts reached","service":"poshmark-automation","timestamp":"2025-04-24T11:04:13.337Z"}
{"attempt":1,"error":{"name":"AutomationError","recoverable":true,"type":"NETWORK"},"level":"warn","message":"Operation failed, retrying","nextDelay":500,"service":"poshmark-automation","timestamp":"2025-04-24T11:04:13.049Z"}
{"attempt":2,"error":{"name":"AutomationError","recoverable":true,"type":"NETWORK"},"level":"warn","message":"Operation failed, retrying","nextDelay":1000,"service":"poshmark-automation","timestamp":"2025-04-24T11:04:13.549Z"}
{"attempt":3,"error":{"name":"AutomationError","recoverable":true,"type":"NETWORK"},"level":"warn","message":"Operation failed, retrying","nextDelay":1000,"service":"poshmark-automation","timestamp":"2025-04-24T11:04:14.549Z"}
{"attempts":4,"error":{"name":"AutomationError","recoverable":true,"type":"NETWORK"},"level":"error","message":"Max retry attempts reached","service":"poshmark-automation","timestamp":"2025-04-24T11:04:15.549Z"}
{"attempt":1,"error":{"name":"AutomationError","recoverable":true,"type":"NETWORK"},"level":"warn","message":"Operation failed, retrying","nextDelay":1,"service":"poshmark-automation","timestamp":"2025-04-24T11:04:13.372Z"}
{"attempt":1,"error":{"name":"AutomationError","recoverable":true,"type":"NETWORK"},"level":"warn","message":"Operation failed, retrying","nextDelay":1,"service":"poshmark-automation","timestamp":"2025-04-24T11:04:13.382Z"}
{"attempts":2,"error":{"name":"AutomationError","recoverable":true,"type":"NETWORK"},"level":"error","message":"Max retry attempts reached","service":"poshmark-automation","timestamp":"2025-04-24T11:04:13.387Z"}
{"attempt":1,"error":{"name":"AutomationError","recoverable":true,"type":"AUTH_FAILED"},"level":"error","message":"Non-retryable error occurred","service":"poshmark-automation","timestamp":"2025-04-24T11:04:13.394Z"}
{"attempt":1,"error":{},"level":"error","message":"Non-retryable error occurred","service":"poshmark-automation","timestamp":"2025-04-24T11:04:13.400Z"}
{"attempt":1,"error":{"name":"AutomationError","recoverable":true,"type":"NETWORK"},"level":"warn","message":"Operation failed, retrying","nextDelay":100,"service":"poshmark-automation","timestamp":"2025-04-24T11:13:18.043Z"}
{"attempt":1,"error":{"name":"AutomationError","recoverable":true,"type":"AUTH_FAILED"},"level":"error","message":"Non-retryable error occurred","service":"poshmark-automation","timestamp":"2025-04-24T11:13:18.156Z"}
{"attempt":1,"error":{"name":"AutomationError","recoverable":true,"type":"NETWORK"},"level":"warn","message":"Operation failed, retrying","nextDelay":100,"service":"poshmark-automation","timestamp":"2025-04-24T11:13:18.165Z"}
{"attempt":2,"error":{"name":"AutomationError","recoverable":true,"type":"NETWORK"},"level":"warn","message":"Operation failed, retrying","nextDelay":200,"service":"poshmark-automation","timestamp":"2025-04-24T11:13:18.276Z"}
{"attempts":3,"error":{"name":"AutomationError","recoverable":true,"type":"NETWORK"},"level":"error","message":"Max retry attempts reached","service":"poshmark-automation","timestamp":"2025-04-24T11:13:18.492Z"}
{"attempt":1,"error":{"name":"AutomationError","recoverable":true,"type":"NETWORK"},"level":"warn","message":"Operation failed, retrying","nextDelay":100,"service":"poshmark-automation","timestamp":"2025-04-24T11:13:18.502Z"}
{"attempt":2,"error":{"name":"AutomationError","recoverable":true,"type":"NETWORK"},"level":"warn","message":"Operation failed, retrying","nextDelay":200,"service":"poshmark-automation","timestamp":"2025-04-24T11:13:18.602Z"}
{"attempts":3,"error":{"name":"AutomationError","recoverable":true,"type":"NETWORK"},"level":"error","message":"Max retry attempts reached","service":"poshmark-automation","timestamp":"2025-04-24T11:13:18.802Z"}
{"attempt":1,"error":{"name":"AutomationError","recoverable":true,"type":"NETWORK"},"level":"warn","message":"Operation failed, retrying","nextDelay":500,"service":"poshmark-automation","timestamp":"2025-04-24T11:13:18.514Z"}
{"attempt":2,"error":{"name":"AutomationError","recoverable":true,"type":"NETWORK"},"level":"warn","message":"Operation failed, retrying","nextDelay":1000,"service":"poshmark-automation","timestamp":"2025-04-24T11:13:19.014Z"}
{"attempt":3,"error":{"name":"AutomationError","recoverable":true,"type":"NETWORK"},"level":"warn","message":"Operation failed, retrying","nextDelay":1000,"service":"poshmark-automation","timestamp":"2025-04-24T11:13:20.014Z"}
{"attempts":4,"error":{"name":"AutomationError","recoverable":true,"type":"NETWORK"},"level":"error","message":"Max retry attempts reached","service":"poshmark-automation","timestamp":"2025-04-24T11:13:21.014Z"}
{"level":"info","message":"Rate limiter config updated","newConfig":{"maxRequestsPerMinute":5},"service":"poshmark-automation","timestamp":"2025-04-24T12:13:19.571Z"}
{"level":"info","message":"Rate limiter config updated","newConfig":{"maxRequestsPerHour":2,"maxRequestsPerMinute":10},"service":"poshmark-automation","timestamp":"2025-04-24T12:13:19.571Z"}
{"attempt":1,"error":{"name":"AutomationError","recoverable":true,"type":"NETWORK"},"level":"warn","message":"Operation failed, retrying","nextDelay":1,"service":"poshmark-automation","timestamp":"2025-04-24T11:13:19.591Z"}
{"attempt":1,"error":{"name":"AutomationError","recoverable":true,"type":"NETWORK"},"level":"warn","message":"Operation failed, retrying","nextDelay":1,"service":"poshmark-automation","timestamp":"2025-04-24T11:13:19.597Z"}
{"attempts":2,"error":{"name":"AutomationError","recoverable":true,"type":"NETWORK"},"level":"error","message":"Max retry attempts reached","service":"poshmark-automation","timestamp":"2025-04-24T11:13:19.602Z"}
{"attempt":1,"error":{"name":"AutomationError","recoverable":true,"type":"AUTH_FAILED"},"level":"error","message":"Non-retryable error occurred","service":"poshmark-automation","timestamp":"2025-04-24T11:13:19.610Z"}
{"attempt":1,"error":{},"level":"error","message":"Non-retryable error occurred","service":"poshmark-automation","timestamp":"2025-04-24T11:13:19.619Z"}
{"attempt":1,"error":{"name":"AutomationError","recoverable":true,"type":"NETWORK"},"level":"warn","message":"Operation failed, retrying","nextDelay":100,"service":"poshmark-automation","timestamp":"2025-04-24T11:19:22.075Z"}
{"attempt":1,"error":{"name":"AutomationError","recoverable":true,"type":"AUTH_FAILED"},"level":"error","message":"Non-retryable error occurred","service":"poshmark-automation","timestamp":"2025-04-24T11:19:22.186Z"}
{"attempt":1,"error":{"name":"AutomationError","recoverable":true,"type":"NETWORK"},"level":"warn","message":"Operation failed, retrying","nextDelay":100,"service":"poshmark-automation","timestamp":"2025-04-24T11:19:22.195Z"}
{"attempt":2,"error":{"name":"AutomationError","recoverable":true,"type":"NETWORK"},"level":"warn","message":"Operation failed, retrying","nextDelay":200,"service":"poshmark-automation","timestamp":"2025-04-24T11:19:22.306Z"}
{"attempts":3,"error":{"name":"AutomationError","recoverable":true,"type":"NETWORK"},"level":"error","message":"Max retry attempts reached","service":"poshmark-automation","timestamp":"2025-04-24T11:19:22.516Z"}
{"attempt":1,"error":{"name":"AutomationError","recoverable":true,"type":"NETWORK"},"level":"warn","message":"Operation failed, retrying","nextDelay":100,"service":"poshmark-automation","timestamp":"2025-04-24T11:19:22.524Z"}
{"attempt":2,"error":{"name":"AutomationError","recoverable":true,"type":"NETWORK"},"level":"warn","message":"Operation failed, retrying","nextDelay":200,"service":"poshmark-automation","timestamp":"2025-04-24T11:19:22.624Z"}
{"attempts":3,"error":{"name":"AutomationError","recoverable":true,"type":"NETWORK"},"level":"error","message":"Max retry attempts reached","service":"poshmark-automation","timestamp":"2025-04-24T11:19:22.824Z"}
{"attempt":1,"error":{"name":"AutomationError","recoverable":true,"type":"NETWORK"},"level":"warn","message":"Operation failed, retrying","nextDelay":500,"service":"poshmark-automation","timestamp":"2025-04-24T11:19:22.537Z"}
{"attempt":2,"error":{"name":"AutomationError","recoverable":true,"type":"NETWORK"},"level":"warn","message":"Operation failed, retrying","nextDelay":1000,"service":"poshmark-automation","timestamp":"2025-04-24T11:19:23.037Z"}
{"attempt":3,"error":{"name":"AutomationError","recoverable":true,"type":"NETWORK"},"level":"warn","message":"Operation failed, retrying","nextDelay":1000,"service":"poshmark-automation","timestamp":"2025-04-24T11:19:24.037Z"}
{"attempts":4,"error":{"name":"AutomationError","recoverable":true,"type":"NETWORK"},"level":"error","message":"Max retry attempts reached","service":"poshmark-automation","timestamp":"2025-04-24T11:19:25.037Z"}
{"level":"info","message":"Rate limiter config updated","newConfig":{"maxRequestsPerMinute":5},"service":"poshmark-automation","timestamp":"2025-04-24T12:19:23.519Z"}
{"level":"info","message":"Rate limiter config updated","newConfig":{"maxRequestsPerHour":2,"maxRequestsPerMinute":10},"service":"poshmark-automation","timestamp":"2025-04-24T12:19:23.519Z"}
{"attempt":1,"error":{"name":"AutomationError","recoverable":true,"type":"NETWORK"},"level":"warn","message":"Operation failed, retrying","nextDelay":1,"service":"poshmark-automation","timestamp":"2025-04-24T11:19:23.862Z"}
{"attempt":1,"error":{"name":"AutomationError","recoverable":true,"type":"NETWORK"},"level":"warn","message":"Operation failed, retrying","nextDelay":1,"service":"poshmark-automation","timestamp":"2025-04-24T11:19:23.872Z"}
{"attempts":2,"error":{"name":"AutomationError","recoverable":true,"type":"NETWORK"},"level":"error","message":"Max retry attempts reached","service":"poshmark-automation","timestamp":"2025-04-24T11:19:23.876Z"}
{"attempt":1,"error":{"name":"AutomationError","recoverable":true,"type":"AUTH_FAILED"},"level":"error","message":"Non-retryable error occurred","service":"poshmark-automation","timestamp":"2025-04-24T11:19:23.884Z"}
{"attempt":1,"error":{},"level":"error","message":"Non-retryable error occurred","service":"poshmark-automation","timestamp":"2025-04-24T11:19:23.891Z"}
{"attempt":1,"error":{"name":"AutomationError","recoverable":true,"type":"NETWORK"},"level":"warn","message":"Operation failed, retrying","nextDelay":100,"service":"poshmark-automation","timestamp":"2025-04-24T11:23:52.701Z"}
{"attempt":1,"error":{"name":"AutomationError","recoverable":true,"type":"AUTH_FAILED"},"level":"error","message":"Non-retryable error occurred","service":"poshmark-automation","timestamp":"2025-04-24T11:23:52.813Z"}
{"attempt":1,"error":{"name":"AutomationError","recoverable":true,"type":"NETWORK"},"level":"warn","message":"Operation failed, retrying","nextDelay":100,"service":"poshmark-automation","timestamp":"2025-04-24T11:23:52.822Z"}
{"attempt":2,"error":{"name":"AutomationError","recoverable":true,"type":"NETWORK"},"level":"warn","message":"Operation failed, retrying","nextDelay":200,"service":"poshmark-automation","timestamp":"2025-04-24T11:23:52.933Z"}
{"attempts":3,"error":{"name":"AutomationError","recoverable":true,"type":"NETWORK"},"level":"error","message":"Max retry attempts reached","service":"poshmark-automation","timestamp":"2025-04-24T11:23:53.140Z"}
{"attempt":1,"error":{"name":"AutomationError","recoverable":true,"type":"NETWORK"},"level":"warn","message":"Operation failed, retrying","nextDelay":100,"service":"poshmark-automation","timestamp":"2025-04-24T11:23:53.148Z"}
{"attempt":2,"error":{"name":"AutomationError","recoverable":true,"type":"NETWORK"},"level":"warn","message":"Operation failed, retrying","nextDelay":200,"service":"poshmark-automation","timestamp":"2025-04-24T11:23:53.248Z"}
{"attempts":3,"error":{"name":"AutomationError","recoverable":true,"type":"NETWORK"},"level":"error","message":"Max retry attempts reached","service":"poshmark-automation","timestamp":"2025-04-24T11:23:53.448Z"}
{"attempt":1,"error":{"name":"AutomationError","recoverable":true,"type":"NETWORK"},"level":"warn","message":"Operation failed, retrying","nextDelay":500,"service":"poshmark-automation","timestamp":"2025-04-24T11:23:53.163Z"}
{"attempt":2,"error":{"name":"AutomationError","recoverable":true,"type":"NETWORK"},"level":"warn","message":"Operation failed, retrying","nextDelay":1000,"service":"poshmark-automation","timestamp":"2025-04-24T11:23:53.663Z"}
{"attempt":3,"error":{"name":"AutomationError","recoverable":true,"type":"NETWORK"},"level":"warn","message":"Operation failed, retrying","nextDelay":1000,"service":"poshmark-automation","timestamp":"2025-04-24T11:23:54.663Z"}
{"attempts":4,"error":{"name":"AutomationError","recoverable":true,"type":"NETWORK"},"level":"error","message":"Max retry attempts reached","service":"poshmark-automation","timestamp":"2025-04-24T11:23:55.663Z"}
{"level":"info","message":"Rate limiter config updated","newConfig":{"maxRequestsPerMinute":5},"service":"poshmark-automation","timestamp":"2025-04-24T12:23:53.841Z"}
{"level":"info","message":"Rate limiter config updated","newConfig":{"maxRequestsPerHour":2,"maxRequestsPerMinute":10},"service":"poshmark-automation","timestamp":"2025-04-24T12:23:53.841Z"}
{"attempt":1,"error":{"name":"AutomationError","recoverable":true,"type":"NETWORK"},"level":"warn","message":"Operation failed, retrying","nextDelay":1,"service":"poshmark-automation","timestamp":"2025-04-24T11:23:54.130Z"}
{"attempt":1,"error":{"name":"AutomationError","recoverable":true,"type":"NETWORK"},"level":"warn","message":"Operation failed, retrying","nextDelay":1,"service":"poshmark-automation","timestamp":"2025-04-24T11:23:54.137Z"}
{"attempts":2,"error":{"name":"AutomationError","recoverable":true,"type":"NETWORK"},"level":"error","message":"Max retry attempts reached","service":"poshmark-automation","timestamp":"2025-04-24T11:23:54.143Z"}
{"attempt":1,"error":{"name":"AutomationError","recoverable":true,"type":"AUTH_FAILED"},"level":"error","message":"Non-retryable error occurred","service":"poshmark-automation","timestamp":"2025-04-24T11:23:54.151Z"}
{"attempt":1,"error":{},"level":"error","message":"Non-retryable error occurred","service":"poshmark-automation","timestamp":"2025-04-24T11:23:54.159Z"}
{"attempt":1,"error":{"name":"AutomationError","recoverable":true,"type":"NETWORK"},"level":"warn","message":"Operation failed, retrying","nextDelay":100,"service":"poshmark-automation","timestamp":"2025-04-24T11:26:22.462Z"}
{"attempt":1,"error":{"name":"AutomationError","recoverable":true,"type":"AUTH_FAILED"},"level":"error","message":"Non-retryable error occurred","service":"poshmark-automation","timestamp":"2025-04-24T11:26:22.573Z"}
{"attempt":1,"error":{"name":"AutomationError","recoverable":true,"type":"NETWORK"},"level":"warn","message":"Operation failed, retrying","nextDelay":100,"service":"poshmark-automation","timestamp":"2025-04-24T11:26:22.585Z"}
{"attempt":2,"error":{"name":"AutomationError","recoverable":true,"type":"NETWORK"},"level":"warn","message":"Operation failed, retrying","nextDelay":200,"service":"poshmark-automation","timestamp":"2025-04-24T11:26:22.697Z"}
{"attempts":3,"error":{"name":"AutomationError","recoverable":true,"type":"NETWORK"},"level":"error","message":"Max retry attempts reached","service":"poshmark-automation","timestamp":"2025-04-24T11:26:22.905Z"}
{"attempt":1,"error":{"name":"AutomationError","recoverable":true,"type":"NETWORK"},"level":"warn","message":"Operation failed, retrying","nextDelay":100,"service":"poshmark-automation","timestamp":"2025-04-24T11:26:22.912Z"}
{"attempt":2,"error":{"name":"AutomationError","recoverable":true,"type":"NETWORK"},"level":"warn","message":"Operation failed, retrying","nextDelay":200,"service":"poshmark-automation","timestamp":"2025-04-24T11:26:23.012Z"}
{"attempts":3,"error":{"name":"AutomationError","recoverable":true,"type":"NETWORK"},"level":"error","message":"Max retry attempts reached","service":"poshmark-automation","timestamp":"2025-04-24T11:26:23.212Z"}
{"attempt":1,"error":{"name":"AutomationError","recoverable":true,"type":"NETWORK"},"level":"warn","message":"Operation failed, retrying","nextDelay":500,"service":"poshmark-automation","timestamp":"2025-04-24T11:26:22.931Z"}
{"attempt":2,"error":{"name":"AutomationError","recoverable":true,"type":"NETWORK"},"level":"warn","message":"Operation failed, retrying","nextDelay":1000,"service":"poshmark-automation","timestamp":"2025-04-24T11:26:23.431Z"}
{"attempt":3,"error":{"name":"AutomationError","recoverable":true,"type":"NETWORK"},"level":"warn","message":"Operation failed, retrying","nextDelay":1000,"service":"poshmark-automation","timestamp":"2025-04-24T11:26:24.431Z"}
{"attempts":4,"error":{"name":"AutomationError","recoverable":true,"type":"NETWORK"},"level":"error","message":"Max retry attempts reached","service":"poshmark-automation","timestamp":"2025-04-24T11:26:25.431Z"}
{"level":"info","message":"Rate limiter config updated","newConfig":{"maxRequestsPerMinute":5},"service":"poshmark-automation","timestamp":"2025-04-24T12:26:24.232Z"}
{"level":"info","message":"Rate limiter config updated","newConfig":{"maxRequestsPerHour":2,"maxRequestsPerMinute":10},"service":"poshmark-automation","timestamp":"2025-04-24T12:26:24.232Z"}
{"attempt":1,"error":{"name":"AutomationError","recoverable":true,"type":"NETWORK"},"level":"warn","message":"Operation failed, retrying","nextDelay":1,"service":"poshmark-automation","timestamp":"2025-04-24T11:26:24.322Z"}
{"attempt":1,"error":{"name":"AutomationError","recoverable":true,"type":"NETWORK"},"level":"warn","message":"Operation failed, retrying","nextDelay":1,"service":"poshmark-automation","timestamp":"2025-04-24T11:26:24.331Z"}
{"attempts":2,"error":{"name":"AutomationError","recoverable":true,"type":"NETWORK"},"level":"error","message":"Max retry attempts reached","service":"poshmark-automation","timestamp":"2025-04-24T11:26:24.336Z"}
{"attempt":1,"error":{"name":"AutomationError","recoverable":true,"type":"AUTH_FAILED"},"level":"error","message":"Non-retryable error occurred","service":"poshmark-automation","timestamp":"2025-04-24T11:26:24.343Z"}
{"attempt":1,"error":{},"level":"error","message":"Non-retryable error occurred","service":"poshmark-automation","timestamp":"2025-04-24T11:26:24.349Z"}
{"attempt":1,"error":{"name":"AutomationError","recoverable":true,"type":"NETWORK"},"level":"warn","message":"Operation failed, retrying","nextDelay":100,"service":"poshmark-automation","timestamp":"2025-04-24T11:29:24.745Z"}
{"attempt":1,"error":{"name":"AutomationError","recoverable":true,"type":"AUTH_FAILED"},"level":"error","message":"Non-retryable error occurred","service":"poshmark-automation","timestamp":"2025-04-24T11:29:24.867Z"}
{"attempt":1,"error":{"name":"AutomationError","recoverable":true,"type":"NETWORK"},"level":"warn","message":"Operation failed, retrying","nextDelay":100,"service":"poshmark-automation","timestamp":"2025-04-24T11:29:24.876Z"}
{"attempt":2,"error":{"name":"AutomationError","recoverable":true,"type":"NETWORK"},"level":"warn","message":"Operation failed, retrying","nextDelay":200,"service":"poshmark-automation","timestamp":"2025-04-24T11:29:24.987Z"}
{"attempts":3,"error":{"name":"AutomationError","recoverable":true,"type":"NETWORK"},"level":"error","message":"Max retry attempts reached","service":"poshmark-automation","timestamp":"2025-04-24T11:29:25.200Z"}
{"attempt":1,"error":{"name":"AutomationError","recoverable":true,"type":"NETWORK"},"level":"warn","message":"Operation failed, retrying","nextDelay":100,"service":"poshmark-automation","timestamp":"2025-04-24T11:29:25.211Z"}
{"attempt":2,"error":{"name":"AutomationError","recoverable":true,"type":"NETWORK"},"level":"warn","message":"Operation failed, retrying","nextDelay":200,"service":"poshmark-automation","timestamp":"2025-04-24T11:29:25.311Z"}
{"attempts":3,"error":{"name":"AutomationError","recoverable":true,"type":"NETWORK"},"level":"error","message":"Max retry attempts reached","service":"poshmark-automation","timestamp":"2025-04-24T11:29:25.511Z"}
{"attempt":1,"error":{"name":"AutomationError","recoverable":true,"type":"NETWORK"},"level":"warn","message":"Operation failed, retrying","nextDelay":500,"service":"poshmark-automation","timestamp":"2025-04-24T11:29:25.229Z"}
{"attempt":2,"error":{"name":"AutomationError","recoverable":true,"type":"NETWORK"},"level":"warn","message":"Operation failed, retrying","nextDelay":1000,"service":"poshmark-automation","timestamp":"2025-04-24T11:29:25.729Z"}
{"attempt":3,"error":{"name":"AutomationError","recoverable":true,"type":"NETWORK"},"level":"warn","message":"Operation failed, retrying","nextDelay":1000,"service":"poshmark-automation","timestamp":"2025-04-24T11:29:26.729Z"}
{"attempts":4,"error":{"name":"AutomationError","recoverable":true,"type":"NETWORK"},"level":"error","message":"Max retry attempts reached","service":"poshmark-automation","timestamp":"2025-04-24T11:29:27.729Z"}
{"level":"info","message":"Rate limiter config updated","newConfig":{"maxRequestsPerMinute":5},"service":"poshmark-automation","timestamp":"2025-04-24T12:29:26.612Z"}
{"level":"info","message":"Rate limiter config updated","newConfig":{"maxRequestsPerHour":2,"maxRequestsPerMinute":10},"service":"poshmark-automation","timestamp":"2025-04-24T12:29:26.612Z"}
{"attempt":1,"error":{"name":"AutomationError","recoverable":true,"type":"NETWORK"},"level":"warn","message":"Operation failed, retrying","nextDelay":1,"service":"poshmark-automation","timestamp":"2025-04-24T11:29:27.597Z"}
{"attempt":1,"error":{"name":"AutomationError","recoverable":true,"type":"NETWORK"},"level":"warn","message":"Operation failed, retrying","nextDelay":1,"service":"poshmark-automation","timestamp":"2025-04-24T11:29:27.605Z"}
{"attempts":2,"error":{"name":"AutomationError","recoverable":true,"type":"NETWORK"},"level":"error","message":"Max retry attempts reached","service":"poshmark-automation","timestamp":"2025-04-24T11:29:27.611Z"}
{"attempt":1,"error":{"name":"AutomationError","recoverable":true,"type":"AUTH_FAILED"},"level":"error","message":"Non-retryable error occurred","service":"poshmark-automation","timestamp":"2025-04-24T11:29:27.617Z"}
{"attempt":1,"error":{},"level":"error","message":"Non-retryable error occurred","service":"poshmark-automation","timestamp":"2025-04-24T11:29:27.628Z"}
{"attempt":1,"error":{"name":"AutomationError","recoverable":true,"type":"NETWORK"},"level":"warn","message":"Operation failed, retrying","nextDelay":100,"service":"poshmark-automation","timestamp":"2025-04-24T11:35:40.187Z"}
{"attempt":1,"error":{"name":"AutomationError","recoverable":true,"type":"AUTH_FAILED"},"level":"error","message":"Non-retryable error occurred","service":"poshmark-automation","timestamp":"2025-04-24T11:35:40.304Z"}
{"attempt":1,"error":{"name":"AutomationError","recoverable":true,"type":"NETWORK"},"level":"warn","message":"Operation failed, retrying","nextDelay":100,"service":"poshmark-automation","timestamp":"2025-04-24T11:35:40.313Z"}
{"attempt":2,"error":{"name":"AutomationError","recoverable":true,"type":"NETWORK"},"level":"warn","message":"Operation failed, retrying","nextDelay":200,"service":"poshmark-automation","timestamp":"2025-04-24T11:35:40.431Z"}
{"attempts":3,"error":{"name":"AutomationError","recoverable":true,"type":"NETWORK"},"level":"error","message":"Max retry attempts reached","service":"poshmark-automation","timestamp":"2025-04-24T11:35:40.652Z"}
{"attempt":1,"error":{"name":"AutomationError","recoverable":true,"type":"NETWORK"},"level":"warn","message":"Operation failed, retrying","nextDelay":100,"service":"poshmark-automation","timestamp":"2025-04-24T11:35:40.659Z"}
{"attempt":2,"error":{"name":"AutomationError","recoverable":true,"type":"NETWORK"},"level":"warn","message":"Operation failed, retrying","nextDelay":200,"service":"poshmark-automation","timestamp":"2025-04-24T11:35:40.759Z"}
{"attempts":3,"error":{"name":"AutomationError","recoverable":true,"type":"NETWORK"},"level":"error","message":"Max retry attempts reached","service":"poshmark-automation","timestamp":"2025-04-24T11:35:40.959Z"}
{"attempt":1,"error":{"name":"AutomationError","recoverable":true,"type":"NETWORK"},"level":"warn","message":"Operation failed, retrying","nextDelay":500,"service":"poshmark-automation","timestamp":"2025-04-24T11:35:40.672Z"}
{"attempt":2,"error":{"name":"AutomationError","recoverable":true,"type":"NETWORK"},"level":"warn","message":"Operation failed, retrying","nextDelay":1000,"service":"poshmark-automation","timestamp":"2025-04-24T11:35:41.172Z"}
{"attempt":3,"error":{"name":"AutomationError","recoverable":true,"type":"NETWORK"},"level":"warn","message":"Operation failed, retrying","nextDelay":1000,"service":"poshmark-automation","timestamp":"2025-04-24T11:35:42.172Z"}
{"attempts":4,"error":{"name":"AutomationError","recoverable":true,"type":"NETWORK"},"level":"error","message":"Max retry attempts reached","service":"poshmark-automation","timestamp":"2025-04-24T11:35:43.172Z"}
{"level":"info","message":"Rate limiter config updated","newConfig":{"maxRequestsPerMinute":5},"service":"poshmark-automation","timestamp":"2025-04-24T12:35:42.070Z"}
{"level":"info","message":"Rate limiter config updated","newConfig":{"maxRequestsPerHour":2,"maxRequestsPerMinute":10},"service":"poshmark-automation","timestamp":"2025-04-24T12:35:42.070Z"}
{"attempt":1,"error":{"name":"AutomationError","recoverable":true,"type":"NETWORK"},"level":"warn","message":"Operation failed, retrying","nextDelay":1,"service":"poshmark-automation","timestamp":"2025-04-24T11:35:42.704Z"}
{"attempt":1,"error":{"name":"AutomationError","recoverable":true,"type":"NETWORK"},"level":"warn","message":"Operation failed, retrying","nextDelay":1,"service":"poshmark-automation","timestamp":"2025-04-24T11:35:42.711Z"}
{"attempts":2,"error":{"name":"AutomationError","recoverable":true,"type":"NETWORK"},"level":"error","message":"Max retry attempts reached","service":"poshmark-automation","timestamp":"2025-04-24T11:35:42.716Z"}
{"attempt":1,"error":{"name":"AutomationError","recoverable":true,"type":"AUTH_FAILED"},"level":"error","message":"Non-retryable error occurred","service":"poshmark-automation","timestamp":"2025-04-24T11:35:42.721Z"}
{"attempt":1,"error":{},"level":"error","message":"Non-retryable error occurred","service":"poshmark-automation","timestamp":"2025-04-24T11:35:42.731Z"}
{"attempt":1,"error":{"name":"AutomationError","recoverable":true,"type":"NETWORK"},"level":"warn","message":"Operation failed, retrying","nextDelay":100,"service":"poshmark-automation","timestamp":"2025-04-24T11:37:37.513Z"}
{"attempt":1,"error":{"name":"AutomationError","recoverable":true,"type":"AUTH_FAILED"},"level":"error","message":"Non-retryable error occurred","service":"poshmark-automation","timestamp":"2025-04-24T11:37:37.625Z"}
{"attempt":1,"error":{"name":"AutomationError","recoverable":true,"type":"NETWORK"},"level":"warn","message":"Operation failed, retrying","nextDelay":100,"service":"poshmark-automation","timestamp":"2025-04-24T11:37:37.636Z"}
{"attempt":2,"error":{"name":"AutomationError","recoverable":true,"type":"NETWORK"},"level":"warn","message":"Operation failed, retrying","nextDelay":200,"service":"poshmark-automation","timestamp":"2025-04-24T11:37:37.742Z"}
{"attempts":3,"error":{"name":"AutomationError","recoverable":true,"type":"NETWORK"},"level":"error","message":"Max retry attempts reached","service":"poshmark-automation","timestamp":"2025-04-24T11:37:37.961Z"}
{"attempt":1,"error":{"name":"AutomationError","recoverable":true,"type":"NETWORK"},"level":"warn","message":"Operation failed, retrying","nextDelay":100,"service":"poshmark-automation","timestamp":"2025-04-24T11:37:37.969Z"}
{"attempt":2,"error":{"name":"AutomationError","recoverable":true,"type":"NETWORK"},"level":"warn","message":"Operation failed, retrying","nextDelay":200,"service":"poshmark-automation","timestamp":"2025-04-24T11:37:38.069Z"}
{"attempts":3,"error":{"name":"AutomationError","recoverable":true,"type":"NETWORK"},"level":"error","message":"Max retry attempts reached","service":"poshmark-automation","timestamp":"2025-04-24T11:37:38.269Z"}
{"attempt":1,"error":{"name":"AutomationError","recoverable":true,"type":"NETWORK"},"level":"warn","message":"Operation failed, retrying","nextDelay":500,"service":"poshmark-automation","timestamp":"2025-04-24T11:37:37.983Z"}
{"attempt":2,"error":{"name":"AutomationError","recoverable":true,"type":"NETWORK"},"level":"warn","message":"Operation failed, retrying","nextDelay":1000,"service":"poshmark-automation","timestamp":"2025-04-24T11:37:38.483Z"}
{"attempt":3,"error":{"name":"AutomationError","recoverable":true,"type":"NETWORK"},"level":"warn","message":"Operation failed, retrying","nextDelay":1000,"service":"poshmark-automation","timestamp":"2025-04-24T11:37:39.483Z"}
{"attempts":4,"error":{"name":"AutomationError","recoverable":true,"type":"NETWORK"},"level":"error","message":"Max retry attempts reached","service":"poshmark-automation","timestamp":"2025-04-24T11:37:40.483Z"}
{"level":"info","message":"Rate limiter config updated","newConfig":{"maxRequestsPerMinute":5},"service":"poshmark-automation","timestamp":"2025-04-24T12:37:39.217Z"}
{"level":"info","message":"Rate limiter config updated","newConfig":{"maxRequestsPerHour":2,"maxRequestsPerMinute":10},"service":"poshmark-automation","timestamp":"2025-04-24T12:37:39.217Z"}
{"attempt":1,"error":{"name":"AutomationError","recoverable":true,"type":"NETWORK"},"level":"warn","message":"Operation failed, retrying","nextDelay":1,"service":"poshmark-automation","timestamp":"2025-04-24T11:37:39.868Z"}
{"attempt":1,"error":{"name":"AutomationError","recoverable":true,"type":"NETWORK"},"level":"warn","message":"Operation failed, retrying","nextDelay":1,"service":"poshmark-automation","timestamp":"2025-04-24T11:37:39.877Z"}
{"attempts":2,"error":{"name":"AutomationError","recoverable":true,"type":"NETWORK"},"level":"error","message":"Max retry attempts reached","service":"poshmark-automation","timestamp":"2025-04-24T11:37:39.882Z"}
{"attempt":1,"error":{"name":"AutomationError","recoverable":true,"type":"AUTH_FAILED"},"level":"error","message":"Non-retryable error occurred","service":"poshmark-automation","timestamp":"2025-04-24T11:37:39.889Z"}
{"attempt":1,"error":{},"level":"error","message":"Non-retryable error occurred","service":"poshmark-automation","timestamp":"2025-04-24T11:37:39.896Z"}
